[2026-06-10 14:58:29] [INFO] === SmartWake Serial Reader ===
[2026-06-10 14:58:29] [INFO] Port     : COM22
[2026-06-10 14:58:29] [INFO] Baudrate : 9600 baud
[2026-06-10 14:58:29] [INFO] Mode     : fopen() natif
[2026-06-10 14:58:29] [INFO] DÃĐmarrage de la lecture...
[2026-06-10 14:58:29] [INFO] Configuration port Windows : Nom de périphérique non autorisé - COM22
[2026-06-10 14:58:29] [ERROR] Impossible d'ouvrir le port COM22.
[2026-06-10 14:58:29] [ERROR] VÃĐrifiez : port disponible, XAMPP lancÃĐ en administrateur, pilote Tiva C installÃĐ.
[2026-06-10 14:58:58] [INFO] === SmartWake Serial Reader ===
[2026-06-10 14:58:59] [INFO] Port     : COM7
[2026-06-10 14:58:59] [INFO] Baudrate : 9600 baud
[2026-06-10 14:58:59] [INFO] Mode     : fopen() natif
[2026-06-10 14:58:59] [INFO] DÃĐmarrage de la lecture...
[2026-06-10 14:59:00] [INFO] Configuration port Windows : Statut du périphérique COM7:
----------------------------
    Baud :            9600
    Parité :          None
    Bits de données : 8
    Bits darręt :    1
    Temporisation :   OFF
    XON/XOFF :        OFF
    Protocole CTS :   OFF
    Protocole DSR :   OFF
    Sensibilité DSR : OFF
    Circuit DTR :     OFF
    Circuit RTS :     ON
[2026-06-10 14:59:00] [ERROR] Impossible d'ouvrir le port COM7.
[2026-06-10 14:59:00] [ERROR] VÃĐrifiez : port disponible, XAMPP lancÃĐ en administrateur, pilote Tiva C installÃĐ.
[2026-06-10 15:02:45] [INFO] === SmartWake Serial Reader ===
[2026-06-10 15:02:45] [INFO] Port     : \\.\COM7
[2026-06-10 15:02:45] [INFO] Baudrate : 9600 baud
[2026-06-10 15:02:45] [INFO] Mode     : fopen() natif
[2026-06-10 15:02:45] [INFO] DÃĐmarrage de la lecture...
[2026-06-10 15:02:45] [INFO] Configuration port Windows : Paramčtre non valide - \\.\COM7:
[2026-06-10 15:02:45] [INFO] Port sÃĐrie ouvert (fopen). En attente de donnÃĐes...
[2026-06-10 15:11:40] [INFO] === SmartWake Serial Reader ===
[2026-06-10 15:11:40] [INFO] Port     : \\.\COM7
[2026-06-10 15:11:40] [INFO] Baudrate : 9600 baud
[2026-06-10 15:11:40] [INFO] Mode     : fopen() natif
[2026-06-10 15:11:40] [INFO] DÃĐmarrage de la lecture...
[2026-06-10 15:11:40] [INFO] Configuration port Windows : Statut du périphérique COM7:
----------------------------
    Baud :            9600
    Parité :          None
    Bits de données : 8
    Bits darręt :    1
    Temporisation :   OFF
    XON/XOFF :        OFF
    Protocole CTS :   OFF
    Protocole DSR :   OFF
    Sensibilité DSR : OFF
    Circuit DTR :     OFF
    Circuit RTS :     ON
[2026-06-10 15:11:40] [INFO] Port sÃĐrie ouvert (fopen). En attente de donnÃĐes...
[2026-06-10 15:13:12] [INFO] === SmartWake Serial Reader ===
[2026-06-10 15:13:12] [INFO] Port     : \\.\COM7
[2026-06-10 15:13:12] [INFO] Baudrate : 9600 baud
[2026-06-10 15:13:12] [INFO] Mode     : fopen() natif
[2026-06-10 15:13:12] [INFO] DÃĐmarrage de la lecture...
[2026-06-10 15:13:12] [INFO] Configuration port Windows : Statut du périphérique COM7:
----------------------------
    Baud :            9600
    Parité :          None
    Bits de données : 8
    Bits darręt :    1
    Temporisation :   OFF
    XON/XOFF :        OFF
    Protocole CTS :   OFF
    Protocole DSR :   OFF
    Sensibilité DSR : OFF
    Circuit DTR :     OFF
    Circuit RTS :     ON
[2026-06-10 15:13:12] [INFO] Port sÃĐrie ouvert (fopen). En attente de donnÃĐes...
[2026-06-10 15:13:52] [INFO] === SmartWake Serial Reader ===
[2026-06-10 15:13:53] [INFO] Port     : \\.\COM7
[2026-06-10 15:13:53] [INFO] Baudrate : 9600 baud
[2026-06-10 15:13:53] [INFO] Mode     : fopen() natif
[2026-06-10 15:13:53] [INFO] DÃĐmarrage de la lecture...
[2026-06-10 15:13:57] [INFO] Configuration port Windows : Statut du périphérique COM7:
----------------------------
    Baud :            9600
    Parité :          None
    Bits de données : 8
    Bits darręt :    1
    Temporisation :   OFF
    XON/XOFF :        OFF
    Protocole CTS :   OFF
    Protocole DSR :   OFF
    Sensibilité DSR : OFF
    Circuit DTR :     OFF
    Circuit RTS :     ON
[2026-06-10 15:13:57] [INFO] Port sÃĐrie ouvert (fopen). En attente de donnÃĐes...
[2026-06-10 15:16:29] [INFO] === SmartWake Serial Reader ===
[2026-06-10 15:16:29] [INFO] Port     : \\.\COM7
[2026-06-10 15:16:29] [INFO] Baudrate : 9600 baud
[2026-06-10 15:16:29] [INFO] Mode     : fopen() natif
[2026-06-10 15:16:29] [INFO] DÃĐmarrage de la lecture...
[2026-06-10 15:16:29] [INFO] Configuration port Windows : Statut du périphérique COM7:
----------------------------
    Baud :            9600
    Parité :          None
    Bits de données : 8
    Bits darręt :    1
    Temporisation :   OFF
    XON/XOFF :        OFF
    Protocole CTS :   OFF
    Protocole DSR :   OFF
    Sensibilité DSR : OFF
    Circuit DTR :     OFF
    Circuit RTS :     ON
[2026-06-10 15:16:29] [INFO] Port sÃĐrie ouvert (fopen). En attente de donnÃĐes...
[2026-06-10 15:17:02] [INFO] === SmartWake Serial Reader ===
[2026-06-10 15:17:02] [INFO] Port     : \\.\COM7
[2026-06-10 15:17:02] [INFO] Baudrate : 9600 baud
[2026-06-10 15:17:02] [INFO] Mode     : fopen() natif
[2026-06-10 15:17:02] [INFO] DÃĐmarrage de la lecture...
[2026-06-10 15:17:03] [INFO] Configuration port Windows : Statut du périphérique COM7:
----------------------------
    Baud :            9600
    Parité :          None
    Bits de données : 8
    Bits darręt :    1
    Temporisation :   OFF
    XON/XOFF :        OFF
    Protocole CTS :   OFF
    Protocole DSR :   OFF
    Sensibilité DSR : OFF
    Circuit DTR :     OFF
    Circuit RTS :     ON
[2026-06-10 15:17:03] [INFO] Port sÃĐrie ouvert (fopen). En attente de donnÃĐes...
[2026-06-10 15:17:55] [INFO] === SmartWake Serial Reader ===
[2026-06-10 15:17:55] [INFO] Port     : \\.\COM7
[2026-06-10 15:17:55] [INFO] Baudrate : 9600 baud
[2026-06-10 15:17:55] [INFO] Mode     : fopen() natif
[2026-06-10 15:17:55] [INFO] DÃĐmarrage de la lecture...
[2026-06-10 15:17:56] [INFO] Configuration port Windows : Statut du périphérique COM7:
----------------------------
    Baud :            9600
    Parité :          None
    Bits de données : 8
    Bits darręt :    1
    Temporisation :   OFF
    XON/XOFF :        OFF
    Protocole CTS :   OFF
    Protocole DSR :   OFF
    Sensibilité DSR : OFF
    Circuit DTR :     OFF
    Circuit RTS :     ON
[2026-06-10 15:17:56] [INFO] Port sÃĐrie ouvert (fopen). En attente de donnÃĐes...
